-------------------------------------------------------------------------------
Test set: ru.flamexander.spring.security.SecurityJwtApplicationTests
-------------------------------------------------------------------------------
Tests run: 1, Failures: 0, Errors: 1, Skipped: 0, Time elapsed: 0.098 s <<< FAILURE! - in ru.flamexander.spring.security.SecurityJwtApplicationTests
ru.flamexander.spring.security.SecurityJwtApplicationTests  Time elapsed: 0.098 s  <<< ERROR!
java.lang.IllegalStateException: Unable to find a @SpringBootConfiguration, you need to use @ContextConfiguration or @SpringBootTest(classes=...) with your test

